0 silly argv {
0 silly argv   _: [ 'run' ],
0 silly argv   scope: '@mono-repo-demo/admin-site',
0 silly argv   lernaVersion: '6.0.1',
0 silly argv   '$0': '/Users/changqing/codeStudy2/mono-repo-react/node_modules/.bin/lerna',
0 silly argv   script: 'start'
0 silly argv }
1 notice cli v6.0.1
2 verbose rootPath /Users/changqing/codeStudy2/mono-repo-react
3 error JSONError: Unexpected token "}" (0x7D) in JSON at position 128 while parsing near "...ommon\": \"^0.0.0\",\n  },\n  \"scripts\": {\n  ..." in packages/admin-site/package.json
3 error
3 error [0m [90m 4 |[39m   [32m"dependencies"[39m[33m:[39m {[0m
3 error [0m [90m 5 |[39m     [32m"@mono-repo-react/common"[39m[33m:[39m [32m"^0.0.0"[39m[33m,[39m[0m
3 error [0m[31m[1m>[22m[39m[90m 6 |[39m   }[33m,[39m[0m
3 error [0m [90m   |[39m   [31m[1m^[22m[39m[0m
3 error [0m [90m 7 |[39m   [32m"scripts"[39m[33m:[39m {[0m
3 error [0m [90m 8 |[39m     [32m"start"[39m[33m:[39m [32m"node ../../scripts/start.js"[39m[33m,[39m[0m
3 error [0m [90m 9 |[39m     [32m"build"[39m[33m:[39m [32m"node scripts/build.js"[39m[33m,[39m[0m
3 error
3 error     at parseJson (/Users/changqing/codeStudy2/mono-repo-react/node_modules/parse-json/index.js:29:21)
3 error     at parse (/Users/changqing/codeStudy2/mono-repo-react/node_modules/load-json-file/index.js:15:9)
3 error     at module.exports (/Users/changqing/codeStudy2/mono-repo-react/node_modules/load-json-file/index.js:18:47)
